Analysis & Synthesis report for servo_controller
Tue Mar 02 06:17:29 2021
Quartus Prime Version 18.1.0 Build 625 09/12/2018 SJ Lite Edition


---------------------
; Table of Contents ;
---------------------
  1. Legal Notice
  2. Analysis & Synthesis Summary
  3. Analysis & Synthesis Settings
  4. Parallel Compilation
  5. Analysis & Synthesis Source Files Read
  6. Analysis & Synthesis Resource Usage Summary
  7. Analysis & Synthesis Resource Utilization by Entity
  8. State Machine - |servo_controller|next_state
  9. State Machine - |servo_controller|current_state
 10. Registers Removed During Synthesis
 11. Removed Registers Triggering Further Register Optimizations
 12. General Register Statistics
 13. Inverted Register Statistics
 14. Multiplexer Restructuring Statistics (Restructuring Performed)
 15. Post-Synthesis Netlist Statistics for Top Partition
 16. Elapsed Time Per Partition
 17. Analysis & Synthesis Equations
 18. Analysis & Synthesis Messages



----------------
; Legal Notice ;
----------------
Copyright (C) 2018  Intel Corporation. All rights reserved.
Your use of Intel Corporation's design tools, logic functions 
and other software and tools, and its AMPP partner logic 
functions, and any output files from any of the foregoing 
(including device programming or simulation files), and any 
associated documentation or information are expressly subject 
to the terms and conditions of the Intel Program License 
Subscription Agreement, the Intel Quartus Prime License Agreement,
the Intel FPGA IP License Agreement, or other applicable license
agreement, including, without limitation, that your use is for
the sole purpose of programming logic devices manufactured by
Intel and sold by Intel or its authorized distributors.  Please
refer to the applicable agreement for further details.



+-------------------------------------------------------------------------------+
; Analysis & Synthesis Summary                                                  ;
+---------------------------------+---------------------------------------------+
; Analysis & Synthesis Status     ; Successful - Tue Mar 02 06:17:28 2021       ;
; Quartus Prime Version           ; 18.1.0 Build 625 09/12/2018 SJ Lite Edition ;
; Revision Name                   ; servo_controller                            ;
; Top-level Entity Name           ; servo_controller                            ;
; Family                          ; Cyclone V                                   ;
; Logic utilization (in ALMs)     ; N/A                                         ;
; Total registers                 ; 198                                         ;
; Total pins                      ; 38                                          ;
; Total virtual pins              ; 0                                           ;
; Total block memory bits         ; 0                                           ;
; Total DSP Blocks                ; 0                                           ;
; Total HSSI RX PCSs              ; 0                                           ;
; Total HSSI PMA RX Deserializers ; 0                                           ;
; Total HSSI TX PCSs              ; 0                                           ;
; Total HSSI PMA TX Serializers   ; 0                                           ;
; Total PLLs                      ; 0                                           ;
; Total DLLs                      ; 0                                           ;
+---------------------------------+---------------------------------------------+


+---------------------------------------------------------------------------------------------------------------------------+
; Analysis & Synthesis Settings                                                                                             ;
+---------------------------------------------------------------------------------+--------------------+--------------------+
; Option                                                                          ; Setting            ; Default Value      ;
+---------------------------------------------------------------------------------+--------------------+--------------------+
; Device                                                                          ; 5CSEMA5F31C6       ;                    ;
; Top-level entity name                                                           ; servo_controller   ; servo_controller   ;
; Family name                                                                     ; Cyclone V          ; Cyclone V          ;
; Maximum processors allowed for parallel compilation                             ; 4                  ;                    ;
; Use smart compilation                                                           ; Off                ; Off                ;
; Enable parallel Assembler and Timing Analyzer during compilation                ; On                 ; On                 ;
; Enable compact report table                                                     ; Off                ; Off                ;
; Restructure Multiplexers                                                        ; Auto               ; Auto               ;
; MLAB Add Timing Constraints For Mixed-Port Feed-Through Mode Setting Don't Care ; Off                ; Off                ;
; Create Debugging Nodes for IP Cores                                             ; Off                ; Off                ;
; Preserve fewer node names                                                       ; On                 ; On                 ;
; Intel FPGA IP Evaluation Mode                                                   ; Enable             ; Enable             ;
; Verilog Version                                                                 ; Verilog_2001       ; Verilog_2001       ;
; VHDL Version                                                                    ; VHDL_1993          ; VHDL_1993          ;
; State Machine Processing                                                        ; Auto               ; Auto               ;
; Safe State Machine                                                              ; Off                ; Off                ;
; Extract Verilog State Machines                                                  ; On                 ; On                 ;
; Extract VHDL State Machines                                                     ; On                 ; On                 ;
; Ignore Verilog initial constructs                                               ; Off                ; Off                ;
; Iteration limit for constant Verilog loops                                      ; 5000               ; 5000               ;
; Iteration limit for non-constant Verilog loops                                  ; 250                ; 250                ;
; Add Pass-Through Logic to Inferred RAMs                                         ; On                 ; On                 ;
; Infer RAMs from Raw Logic                                                       ; On                 ; On                 ;
; Parallel Synthesis                                                              ; On                 ; On                 ;
; DSP Block Balancing                                                             ; Auto               ; Auto               ;
; NOT Gate Push-Back                                                              ; On                 ; On                 ;
; Power-Up Don't Care                                                             ; On                 ; On                 ;
; Remove Redundant Logic Cells                                                    ; Off                ; Off                ;
; Remove Duplicate Registers                                                      ; On                 ; On                 ;
; Ignore CARRY Buffers                                                            ; Off                ; Off                ;
; Ignore CASCADE Buffers                                                          ; Off                ; Off                ;
; Ignore GLOBAL Buffers                                                           ; Off                ; Off                ;
; Ignore ROW GLOBAL Buffers                                                       ; Off                ; Off                ;
; Ignore LCELL Buffers                                                            ; Off                ; Off                ;
; Ignore SOFT Buffers                                                             ; On                 ; On                 ;
; Limit AHDL Integers to 32 Bits                                                  ; Off                ; Off                ;
; Optimization Technique                                                          ; Balanced           ; Balanced           ;
; Carry Chain Length                                                              ; 70                 ; 70                 ;
; Auto Carry Chains                                                               ; On                 ; On                 ;
; Auto Open-Drain Pins                                                            ; On                 ; On                 ;
; Perform WYSIWYG Primitive Resynthesis                                           ; Off                ; Off                ;
; Auto ROM Replacement                                                            ; On                 ; On                 ;
; Auto RAM Replacement                                                            ; On                 ; On                 ;
; Auto DSP Block Replacement                                                      ; On                 ; On                 ;
; Auto Shift Register Replacement                                                 ; Auto               ; Auto               ;
; Allow Shift Register Merging across Hierarchies                                 ; Auto               ; Auto               ;
; Auto Clock Enable Replacement                                                   ; On                 ; On                 ;
; Strict RAM Replacement                                                          ; Off                ; Off                ;
; Allow Synchronous Control Signals                                               ; On                 ; On                 ;
; Force Use of Synchronous Clear Signals                                          ; Off                ; Off                ;
; Auto Resource Sharing                                                           ; Off                ; Off                ;
; Allow Any RAM Size For Recognition                                              ; Off                ; Off                ;
; Allow Any ROM Size For Recognition                                              ; Off                ; Off                ;
; Allow Any Shift Register Size For Recognition                                   ; Off                ; Off                ;
; Use LogicLock Constraints during Resource Balancing                             ; On                 ; On                 ;
; Ignore translate_off and synthesis_off directives                               ; Off                ; Off                ;
; Timing-Driven Synthesis                                                         ; On                 ; On                 ;
; Report Parameter Settings                                                       ; On                 ; On                 ;
; Report Source Assignments                                                       ; On                 ; On                 ;
; Report Connectivity Checks                                                      ; On                 ; On                 ;
; Ignore Maximum Fan-Out Assignments                                              ; Off                ; Off                ;
; Synchronization Register Chain Length                                           ; 3                  ; 3                  ;
; Power Optimization During Synthesis                                             ; Normal compilation ; Normal compilation ;
; HDL message level                                                               ; Level2             ; Level2             ;
; Suppress Register Optimization Related Messages                                 ; Off                ; Off                ;
; Number of Removed Registers Reported in Synthesis Report                        ; 5000               ; 5000               ;
; Number of Swept Nodes Reported in Synthesis Report                              ; 5000               ; 5000               ;
; Number of Inverted Registers Reported in Synthesis Report                       ; 100                ; 100                ;
; Clock MUX Protection                                                            ; On                 ; On                 ;
; Auto Gated Clock Conversion                                                     ; Off                ; Off                ;
; Block Design Naming                                                             ; Auto               ; Auto               ;
; SDC constraint protection                                                       ; Off                ; Off                ;
; Synthesis Effort                                                                ; Auto               ; Auto               ;
; Shift Register Replacement - Allow Asynchronous Clear Signal                    ; On                 ; On                 ;
; Pre-Mapping Resynthesis Optimization                                            ; Off                ; Off                ;
; Analysis & Synthesis Message Level                                              ; Medium             ; Medium             ;
; Disable Register Merging Across Hierarchies                                     ; Auto               ; Auto               ;
; Resource Aware Inference For Block RAM                                          ; On                 ; On                 ;
; Automatic Parallel Synthesis                                                    ; On                 ; On                 ;
; Partial Reconfiguration Bitstream ID                                            ; Off                ; Off                ;
+---------------------------------------------------------------------------------+--------------------+--------------------+


+------------------------------------------+
; Parallel Compilation                     ;
+----------------------------+-------------+
; Processors                 ; Number      ;
+----------------------------+-------------+
; Number detected on machine ; 8           ;
; Maximum allowed            ; 4           ;
;                            ;             ;
; Average used               ; 1.00        ;
; Maximum used               ; 4           ;
;                            ;             ;
; Usage by Processor         ; % Time Used ;
;     Processor 1            ; 100.0%      ;
;     Processors 2-4         ;   0.0%      ;
+----------------------------+-------------+


+--------------------------------------------------------------------------------------------------------------------------------------+
; Analysis & Synthesis Source Files Read                                                                                               ;
+----------------------------------+-----------------+-----------------+-----------------------------------------------------+---------+
; File Name with User-Entered Path ; Used in Netlist ; File Type       ; File Name with Absolute Path                        ; Library ;
+----------------------------------+-----------------+-----------------+-----------------------------------------------------+---------+
; ../../src/servo_controller.vhd   ; yes             ; User VHDL File  ; E:/ESD/Lab4/servo_template/src/servo_controller.vhd ;         ;
+----------------------------------+-----------------+-----------------+-----------------------------------------------------+---------+


+-------------------------------------------------------------+
; Analysis & Synthesis Resource Usage Summary                 ;
+---------------------------------------------+---------------+
; Resource                                    ; Usage         ;
+---------------------------------------------+---------------+
; Estimate of Logic utilization (ALMs needed) ; 238           ;
;                                             ;               ;
; Combinational ALUT usage for logic          ; 365           ;
;     -- 7 input functions                    ; 0             ;
;     -- 6 input functions                    ; 97            ;
;     -- 5 input functions                    ; 6             ;
;     -- 4 input functions                    ; 63            ;
;     -- <=3 input functions                  ; 199           ;
;                                             ;               ;
; Dedicated logic registers                   ; 198           ;
;                                             ;               ;
; I/O pins                                    ; 38            ;
;                                             ;               ;
; Total DSP Blocks                            ; 0             ;
;                                             ;               ;
; Maximum fan-out node                        ; reset_n~input ;
; Maximum fan-out                             ; 199           ;
; Total fan-out                               ; 2035          ;
; Average fan-out                             ; 3.18          ;
+---------------------------------------------+---------------+


+---------------------------------------------------------------------------------------------------------------------------------------------------------------------------------------------+
; Analysis & Synthesis Resource Utilization by Entity                                                                                                                                         ;
+----------------------------+---------------------+---------------------------+-------------------+------------+------+--------------+---------------------+------------------+--------------+
; Compilation Hierarchy Node ; Combinational ALUTs ; Dedicated Logic Registers ; Block Memory Bits ; DSP Blocks ; Pins ; Virtual Pins ; Full Hierarchy Name ; Entity Name      ; Library Name ;
+----------------------------+---------------------+---------------------------+-------------------+------------+------+--------------+---------------------+------------------+--------------+
; |servo_controller          ; 365 (365)           ; 198 (198)                 ; 0                 ; 0          ; 38   ; 0            ; |servo_controller   ; servo_controller ; work         ;
+----------------------------+---------------------+---------------------------+-------------------+------------+------+--------------+---------------------+------------------+--------------+
Note: For table entries with two numbers listed, the numbers in parentheses indicate the number of resources of the given type used by the specific entity alone. The numbers listed outside of parentheses indicate the total resources of the given type used by the specific entity and all of its sub-entities in the hierarchy.


Encoding Type:  One-Hot
+--------------------------------------------------------------------------------------------------------------+
; State Machine - |servo_controller|next_state                                                                 ;
+----------------------+---------------------+---------------------+----------------------+--------------------+
; Name                 ; next_state.INT_LEFT ; next_state.SW_RIGHT ; next_state.INT_RIGHT ; next_state.SW_LEFT ;
+----------------------+---------------------+---------------------+----------------------+--------------------+
; next_state.SW_LEFT   ; 0                   ; 0                   ; 0                    ; 0                  ;
; next_state.INT_RIGHT ; 0                   ; 0                   ; 1                    ; 1                  ;
; next_state.SW_RIGHT  ; 0                   ; 1                   ; 0                    ; 1                  ;
; next_state.INT_LEFT  ; 1                   ; 0                   ; 0                    ; 1                  ;
+----------------------+---------------------+---------------------+----------------------+--------------------+


Encoding Type:  One-Hot
+-----------------------------------------------------------------------------------------------------------------------------+
; State Machine - |servo_controller|current_state                                                                             ;
+-------------------------+------------------------+------------------------+-------------------------+-----------------------+
; Name                    ; current_state.INT_LEFT ; current_state.SW_RIGHT ; current_state.INT_RIGHT ; current_state.SW_LEFT ;
+-------------------------+------------------------+------------------------+-------------------------+-----------------------+
; current_state.SW_LEFT   ; 0                      ; 0                      ; 0                       ; 0                     ;
; current_state.INT_RIGHT ; 0                      ; 0                      ; 1                       ; 1                     ;
; current_state.SW_RIGHT  ; 0                      ; 1                      ; 0                       ; 1                     ;
; current_state.INT_LEFT  ; 1                      ; 0                      ; 0                       ; 1                     ;
+-------------------------+------------------------+------------------------+-------------------------+-----------------------+


+--------------------------------------------------------------------------------+
; Registers Removed During Synthesis                                             ;
+---------------------------------------+----------------------------------------+
; Register name                         ; Reason for Removal                     ;
+---------------------------------------+----------------------------------------+
; reg[1][31]                            ; Stuck at GND due to stuck port data_in ;
; reg[0][31]                            ; Stuck at GND due to stuck port data_in ;
; minAngleCount[31]                     ; Stuck at GND due to stuck port data_in ;
; maxAngleCount[31]                     ; Stuck at GND due to stuck port data_in ;
; Total Number of Removed Registers = 4 ;                                        ;
+---------------------------------------+----------------------------------------+


+------------------------------------------------------------------------------------+
; Removed Registers Triggering Further Register Optimizations                        ;
+---------------+---------------------------+----------------------------------------+
; Register name ; Reason for Removal        ; Registers Removed due to This Register ;
+---------------+---------------------------+----------------------------------------+
; reg[1][31]    ; Stuck at GND              ; maxAngleCount[31]                      ;
;               ; due to stuck port data_in ;                                        ;
; reg[0][31]    ; Stuck at GND              ; minAngleCount[31]                      ;
;               ; due to stuck port data_in ;                                        ;
+---------------+---------------------------+----------------------------------------+


+------------------------------------------------------+
; General Register Statistics                          ;
+----------------------------------------------+-------+
; Statistic                                    ; Value ;
+----------------------------------------------+-------+
; Total registers                              ; 198   ;
; Number of registers using Synchronous Clear  ; 32    ;
; Number of registers using Synchronous Load   ; 0     ;
; Number of registers using Asynchronous Clear ; 136   ;
; Number of registers using Asynchronous Load  ; 0     ;
; Number of registers using Clock Enable       ; 157   ;
; Number of registers using Preset             ; 0     ;
+----------------------------------------------+-------+


+---------------------------------------------------+
; Inverted Register Statistics                      ;
+-----------------------------------------+---------+
; Inverted Register                       ; Fan out ;
+-----------------------------------------+---------+
; minAngleCount[14]                       ; 6       ;
; minAngleCount[9]                        ; 6       ;
; minAngleCount[8]                        ; 6       ;
; minAngleCount[3]                        ; 5       ;
; minAngleCount[2]                        ; 5       ;
; minAngleCount[1]                        ; 4       ;
; minAngleCount[0]                        ; 4       ;
; minAngleCount[6]                        ; 6       ;
; minAngleCount[15]                       ; 5       ;
; maxAngleCount[7]                        ; 4       ;
; maxAngleCount[4]                        ; 3       ;
; maxAngleCount[1]                        ; 2       ;
; maxAngleCount[0]                        ; 2       ;
; maxAngleCount[3]                        ; 3       ;
; maxAngleCount[2]                        ; 3       ;
; maxAngleCount[9]                        ; 4       ;
; maxAngleCount[10]                       ; 4       ;
; maxAngleCount[16]                       ; 3       ;
; maxAngleCount[15]                       ; 3       ;
; Total number of inverted registers = 19 ;         ;
+-----------------------------------------+---------+


+-----------------------------------------------------------------------------------------------------------------------------------------------+
; Multiplexer Restructuring Statistics (Restructuring Performed)                                                                                ;
+--------------------+-----------+---------------+----------------------+------------------------+------------+---------------------------------+
; Multiplexer Inputs ; Bus Width ; Baseline Area ; Area if Restructured ; Saving if Restructured ; Registered ; Example Multiplexer Output      ;
+--------------------+-----------+---------------+----------------------+------------------------+------------+---------------------------------+
; 3:1                ; 3 bits    ; 6 LEs         ; 3 LEs                ; 3 LEs                  ; Yes        ; |servo_controller|angleCount[1] ;
; 6:1                ; 28 bits   ; 112 LEs       ; 56 LEs               ; 56 LEs                 ; Yes        ; |servo_controller|angleCount[9] ;
; 6:1                ; 2 bits    ; 8 LEs         ; 4 LEs                ; 4 LEs                  ; No         ; |servo_controller|Selector2     ;
+--------------------+-----------+---------------+----------------------+------------------------+------------+---------------------------------+


+-----------------------------------------------------+
; Post-Synthesis Netlist Statistics for Top Partition ;
+-----------------------+-----------------------------+
; Type                  ; Count                       ;
+-----------------------+-----------------------------+
; arriav_ff             ; 198                         ;
;     CLR               ; 9                           ;
;     CLR SCLR          ; 32                          ;
;     ENA               ; 62                          ;
;     ENA CLR           ; 95                          ;
; arriav_lcell_comb     ; 365                         ;
;     arith             ; 90                          ;
;         1 data inputs ; 90                          ;
;     normal            ; 275                         ;
;         1 data inputs ; 20                          ;
;         2 data inputs ; 54                          ;
;         3 data inputs ; 35                          ;
;         4 data inputs ; 63                          ;
;         5 data inputs ; 6                           ;
;         6 data inputs ; 97                          ;
; boundary_port         ; 38                          ;
;                       ;                             ;
; Max LUT depth         ; 6.70                        ;
; Average LUT depth     ; 4.20                        ;
+-----------------------+-----------------------------+


+-------------------------------+
; Elapsed Time Per Partition    ;
+----------------+--------------+
; Partition Name ; Elapsed Time ;
+----------------+--------------+
; Top            ; 00:00:01     ;
+----------------+--------------+


+--------------------------------+
; Analysis & Synthesis Equations ;
+--------------------------------+
The equations can be found in E:/ESD/Lab4/servo_template/hw/output_files/servo_controller.map.eqn.


+-------------------------------+
; Analysis & Synthesis Messages ;
+-------------------------------+
Info: *******************************************************************
Info: Running Quartus Prime Analysis & Synthesis
    Info: Version 18.1.0 Build 625 09/12/2018 SJ Lite Edition
    Info: Processing started: Tue Mar 02 06:17:10 2021
Info: Command: quartus_map --read_settings_files=on --write_settings_files=off servo_controller -c servo_controller
Warning (125092): Tcl Script File ../../src/rom_data/rom_data.qip not found
    Info (125063): set_global_assignment -name QIP_FILE ../../src/rom_data/rom_data.qip
Warning (125092): Tcl Script File ../../src/rom_instructions/rom_instructions.qip not found
    Info (125063): set_global_assignment -name QIP_FILE ../../src/rom_instructions/rom_instructions.qip
Info (20032): Parallel compilation is enabled and will use up to 4 processors
Warning (12019): Can't analyze file -- file ../../src/audio_ip/Altera_UP_Audio_Bit_Counter.v is missing
Warning (12019): Can't analyze file -- file ../../src/audio_ip/Altera_UP_Audio_In_Deserializer.v is missing
Warning (12019): Can't analyze file -- file ../../src/audio_ip/Altera_UP_Audio_Out_Serializer.v is missing
Warning (12019): Can't analyze file -- file ../../src/audio_ip/Altera_UP_Clock_Edge.v is missing
Warning (12019): Can't analyze file -- file ../../src/audio_ip/Altera_UP_I2C.v is missing
Warning (12019): Can't analyze file -- file ../../src/audio_ip/Altera_UP_I2C_AV_Auto_Initialize.v is missing
Warning (12019): Can't analyze file -- file ../../src/audio_ip/Altera_UP_I2C_DC_Auto_Initialize.v is missing
Warning (12019): Can't analyze file -- file ../../src/audio_ip/Altera_UP_I2C_LCM_Auto_Initialize.v is missing
Warning (12019): Can't analyze file -- file ../../src/audio_ip/Altera_UP_Slow_Clock_Generator.v is missing
Warning (12019): Can't analyze file -- file ../../src/audio_ip/Altera_UP_SYNC_FIFO.v is missing
Warning (12019): Can't analyze file -- file ../../src/audio_ip/audio_and_video_config.v is missing
Warning (12019): Can't analyze file -- file ../../src/audio_ip/audio_codec.v is missing
Warning (12019): Can't analyze file -- file ../../src/audio_ip/clock_generator.v is missing
Info (12021): Found 3 design units, including 1 entities, in source file /esd/lab4/servo_template/src/servo_controller.vhd
    Info (12022): Found design unit 1: servo_controller_pkg File: E:/ESD/Lab4/servo_template/src/servo_controller.vhd Line: 34
    Info (12022): Found design unit 2: servo_controller-rtl File: E:/ESD/Lab4/servo_template/src/servo_controller.vhd Line: 72
    Info (12023): Found entity 1: servo_controller File: E:/ESD/Lab4/servo_template/src/servo_controller.vhd Line: 59
Info (12127): Elaborating entity "servo_controller" for the top level hierarchy
Warning (10492): VHDL Process Statement warning at servo_controller.vhd(168): signal "minAngleCount" is read inside the Process Statement but isn't in the Process Statement's sensitivity list File: E:/ESD/Lab4/servo_template/src/servo_controller.vhd Line: 168
Warning (13004): Presettable and clearable registers converted to equivalent circuits with latches. Registers power-up to an undefined state, and DEVCLRn places the registers in an undefined state.
    Warning (13310): Register "angleCount[30]" is converted into an equivalent circuit using register "angleCount[30]~_emulated" and latch "angleCount[30]~1" File: E:/ESD/Lab4/servo_template/src/servo_controller.vhd Line: 167
    Warning (13310): Register "angleCount[29]" is converted into an equivalent circuit using register "angleCount[29]~_emulated" and latch "angleCount[29]~5" File: E:/ESD/Lab4/servo_template/src/servo_controller.vhd Line: 167
    Warning (13310): Register "angleCount[28]" is converted into an equivalent circuit using register "angleCount[28]~_emulated" and latch "angleCount[28]~9" File: E:/ESD/Lab4/servo_template/src/servo_controller.vhd Line: 167
    Warning (13310): Register "angleCount[27]" is converted into an equivalent circuit using register "angleCount[27]~_emulated" and latch "angleCount[27]~13" File: E:/ESD/Lab4/servo_template/src/servo_controller.vhd Line: 167
    Warning (13310): Register "angleCount[26]" is converted into an equivalent circuit using register "angleCount[26]~_emulated" and latch "angleCount[26]~17" File: E:/ESD/Lab4/servo_template/src/servo_controller.vhd Line: 167
    Warning (13310): Register "angleCount[25]" is converted into an equivalent circuit using register "angleCount[25]~_emulated" and latch "angleCount[25]~21" File: E:/ESD/Lab4/servo_template/src/servo_controller.vhd Line: 167
    Warning (13310): Register "angleCount[24]" is converted into an equivalent circuit using register "angleCount[24]~_emulated" and latch "angleCount[24]~25" File: E:/ESD/Lab4/servo_template/src/servo_controller.vhd Line: 167
    Warning (13310): Register "angleCount[23]" is converted into an equivalent circuit using register "angleCount[23]~_emulated" and latch "angleCount[23]~29" File: E:/ESD/Lab4/servo_template/src/servo_controller.vhd Line: 167
    Warning (13310): Register "angleCount[22]" is converted into an equivalent circuit using register "angleCount[22]~_emulated" and latch "angleCount[22]~33" File: E:/ESD/Lab4/servo_template/src/servo_controller.vhd Line: 167
    Warning (13310): Register "angleCount[21]" is converted into an equivalent circuit using register "angleCount[21]~_emulated" and latch "angleCount[21]~37" File: E:/ESD/Lab4/servo_template/src/servo_controller.vhd Line: 167
    Warning (13310): Register "angleCount[20]" is converted into an equivalent circuit using register "angleCount[20]~_emulated" and latch "angleCount[20]~41" File: E:/ESD/Lab4/servo_template/src/servo_controller.vhd Line: 167
    Warning (13310): Register "angleCount[19]" is converted into an equivalent circuit using register "angleCount[19]~_emulated" and latch "angleCount[19]~45" File: E:/ESD/Lab4/servo_template/src/servo_controller.vhd Line: 167
    Warning (13310): Register "angleCount[18]" is converted into an equivalent circuit using register "angleCount[18]~_emulated" and latch "angleCount[18]~49" File: E:/ESD/Lab4/servo_template/src/servo_controller.vhd Line: 167
    Warning (13310): Register "angleCount[17]" is converted into an equivalent circuit using register "angleCount[17]~_emulated" and latch "angleCount[17]~53" File: E:/ESD/Lab4/servo_template/src/servo_controller.vhd Line: 167
    Warning (13310): Register "angleCount[16]" is converted into an equivalent circuit using register "angleCount[16]~_emulated" and latch "angleCount[16]~57" File: E:/ESD/Lab4/servo_template/src/servo_controller.vhd Line: 167
    Warning (13310): Register "angleCount[15]" is converted into an equivalent circuit using register "angleCount[15]~_emulated" and latch "angleCount[15]~61" File: E:/ESD/Lab4/servo_template/src/servo_controller.vhd Line: 167
    Warning (13310): Register "angleCount[14]" is converted into an equivalent circuit using register "angleCount[14]~_emulated" and latch "angleCount[14]~65" File: E:/ESD/Lab4/servo_template/src/servo_controller.vhd Line: 167
    Warning (13310): Register "angleCount[13]" is converted into an equivalent circuit using register "angleCount[13]~_emulated" and latch "angleCount[13]~69" File: E:/ESD/Lab4/servo_template/src/servo_controller.vhd Line: 167
    Warning (13310): Register "angleCount[12]" is converted into an equivalent circuit using register "angleCount[12]~_emulated" and latch "angleCount[12]~73" File: E:/ESD/Lab4/servo_template/src/servo_controller.vhd Line: 167
    Warning (13310): Register "angleCount[11]" is converted into an equivalent circuit using register "angleCount[11]~_emulated" and latch "angleCount[11]~77" File: E:/ESD/Lab4/servo_template/src/servo_controller.vhd Line: 167
    Warning (13310): Register "angleCount[10]" is converted into an equivalent circuit using register "angleCount[10]~_emulated" and latch "angleCount[10]~81" File: E:/ESD/Lab4/servo_template/src/servo_controller.vhd Line: 167
    Warning (13310): Register "angleCount[9]" is converted into an equivalent circuit using register "angleCount[9]~_emulated" and latch "angleCount[9]~85" File: E:/ESD/Lab4/servo_template/src/servo_controller.vhd Line: 167
    Warning (13310): Register "angleCount[8]" is converted into an equivalent circuit using register "angleCount[8]~_emulated" and latch "angleCount[8]~89" File: E:/ESD/Lab4/servo_template/src/servo_controller.vhd Line: 167
    Warning (13310): Register "angleCount[7]" is converted into an equivalent circuit using register "angleCount[7]~_emulated" and latch "angleCount[7]~93" File: E:/ESD/Lab4/servo_template/src/servo_controller.vhd Line: 167
    Warning (13310): Register "angleCount[6]" is converted into an equivalent circuit using register "angleCount[6]~_emulated" and latch "angleCount[6]~97" File: E:/ESD/Lab4/servo_template/src/servo_controller.vhd Line: 167
    Warning (13310): Register "angleCount[5]" is converted into an equivalent circuit using register "angleCount[5]~_emulated" and latch "angleCount[5]~101" File: E:/ESD/Lab4/servo_template/src/servo_controller.vhd Line: 167
    Warning (13310): Register "angleCount[4]" is converted into an equivalent circuit using register "angleCount[4]~_emulated" and latch "angleCount[4]~105" File: E:/ESD/Lab4/servo_template/src/servo_controller.vhd Line: 167
    Warning (13310): Register "angleCount[3]" is converted into an equivalent circuit using register "angleCount[3]~_emulated" and latch "angleCount[3]~109" File: E:/ESD/Lab4/servo_template/src/servo_controller.vhd Line: 167
    Warning (13310): Register "angleCount[2]" is converted into an equivalent circuit using register "angleCount[2]~_emulated" and latch "angleCount[2]~113" File: E:/ESD/Lab4/servo_template/src/servo_controller.vhd Line: 167
    Warning (13310): Register "angleCount[1]" is converted into an equivalent circuit using register "angleCount[1]~_emulated" and latch "angleCount[1]~117" File: E:/ESD/Lab4/servo_template/src/servo_controller.vhd Line: 167
    Warning (13310): Register "angleCount[0]" is converted into an equivalent circuit using register "angleCount[0]~_emulated" and latch "angleCount[0]~121" File: E:/ESD/Lab4/servo_template/src/servo_controller.vhd Line: 167
Info (286030): Timing-Driven Synthesis is running
Critical Warning (18061): Ignored Power-Up Level option on the following registers
    Critical Warning (18010): Register reg[0][16] will power up to Low File: E:/ESD/Lab4/servo_template/src/servo_controller.vhd Line: 212
    Critical Warning (18010): Register reg[0][15] will power up to Low File: E:/ESD/Lab4/servo_template/src/servo_controller.vhd Line: 212
    Critical Warning (18010): Register reg[0][10] will power up to Low File: E:/ESD/Lab4/servo_template/src/servo_controller.vhd Line: 212
    Critical Warning (18010): Register reg[0][9] will power up to Low File: E:/ESD/Lab4/servo_template/src/servo_controller.vhd Line: 212
    Critical Warning (18010): Register reg[0][7] will power up to Low File: E:/ESD/Lab4/servo_template/src/servo_controller.vhd Line: 212
    Critical Warning (18010): Register reg[0][4] will power up to Low File: E:/ESD/Lab4/servo_template/src/servo_controller.vhd Line: 212
    Critical Warning (18010): Register reg[0][3] will power up to Low File: E:/ESD/Lab4/servo_template/src/servo_controller.vhd Line: 212
    Critical Warning (18010): Register reg[0][2] will power up to Low File: E:/ESD/Lab4/servo_template/src/servo_controller.vhd Line: 212
    Critical Warning (18010): Register reg[0][1] will power up to Low File: E:/ESD/Lab4/servo_template/src/servo_controller.vhd Line: 212
    Critical Warning (18010): Register reg[0][0] will power up to Low File: E:/ESD/Lab4/servo_template/src/servo_controller.vhd Line: 212
    Critical Warning (18010): Register reg[1][15] will power up to Low File: E:/ESD/Lab4/servo_template/src/servo_controller.vhd Line: 212
    Critical Warning (18010): Register reg[1][14] will power up to Low File: E:/ESD/Lab4/servo_template/src/servo_controller.vhd Line: 212
    Critical Warning (18010): Register reg[1][9] will power up to Low File: E:/ESD/Lab4/servo_template/src/servo_controller.vhd Line: 212
    Critical Warning (18010): Register reg[1][8] will power up to Low File: E:/ESD/Lab4/servo_template/src/servo_controller.vhd Line: 212
    Critical Warning (18010): Register reg[1][6] will power up to Low File: E:/ESD/Lab4/servo_template/src/servo_controller.vhd Line: 212
    Critical Warning (18010): Register reg[1][3] will power up to Low File: E:/ESD/Lab4/servo_template/src/servo_controller.vhd Line: 212
    Critical Warning (18010): Register reg[1][2] will power up to Low File: E:/ESD/Lab4/servo_template/src/servo_controller.vhd Line: 212
    Critical Warning (18010): Register reg[1][1] will power up to Low File: E:/ESD/Lab4/servo_template/src/servo_controller.vhd Line: 212
    Critical Warning (18010): Register reg[1][0] will power up to Low File: E:/ESD/Lab4/servo_template/src/servo_controller.vhd Line: 212
Info (16010): Generating hard_block partition "hard_block:auto_generated_inst"
    Info (16011): Adding 0 node(s), including 0 DDIO, 0 PLL, 0 transceiver and 0 LCELL
Warning (21074): Design contains 1 input pin(s) that do not drive logic
    Warning (15610): No output dependent on input pin "writedata[31]" File: E:/ESD/Lab4/servo_template/src/servo_controller.vhd Line: 65
Info (21057): Implemented 513 device resources after synthesis - the final resource count might be different
    Info (21058): Implemented 36 input pins
    Info (21059): Implemented 2 output pins
    Info (21061): Implemented 475 logic cells
Info: Quartus Prime Analysis & Synthesis was successful. 0 errors, 70 warnings
    Info: Peak virtual memory: 4852 megabytes
    Info: Processing ended: Tue Mar 02 06:17:29 2021
    Info: Elapsed time: 00:00:19
    Info: Total CPU time (on all processors): 00:00:29


