Assembler report for servo_controller
Tue Mar 02 06:18:41 2021
Quartus Prime Version 18.1.0 Build 625 09/12/2018 SJ Lite Edition


---------------------
; Table of Contents ;
---------------------
  1. Legal Notice
  2. Assembler Summary
  3. Assembler Settings
  4. Assembler Generated Files
  5. Assembler Device Options: E:/ESD/Lab4/servo_template/hw/output_files/servo_controller.sof
  6. Assembler Messages



----------------
; Legal Notice ;
----------------
Copyright (C) 2018  Intel Corporation. All rights reserved.
Your use of Intel Corporation's design tools, logic functions 
and other software and tools, and its AMPP partner logic 
functions, and any output files from any of the foregoing 
(including device programming or simulation files), and any 
associated documentation or information are expressly subject 
to the terms and conditions of the Intel Program License 
Subscription Agreement, the Intel Quartus Prime License Agreement,
the Intel FPGA IP License Agreement, or other applicable license
agreement, including, without limitation, that your use is for
the sole purpose of programming logic devices manufactured by
Intel and sold by Intel or its authorized distributors.  Please
refer to the applicable agreement for further details.



+---------------------------------------------------------------+
; Assembler Summary                                             ;
+-----------------------+---------------------------------------+
; Assembler Status      ; Successful - Tue Mar 02 06:18:41 2021 ;
; Revision Name         ; servo_controller                      ;
; Top-level Entity Name ; servo_controller                      ;
; Family                ; Cyclone V                             ;
; Device                ; 5CSEMA5F31C6                          ;
+-----------------------+---------------------------------------+


+----------------------------------+
; Assembler Settings               ;
+--------+---------+---------------+
; Option ; Setting ; Default Value ;
+--------+---------+---------------+


+-----------------------------------------------------------------+
; Assembler Generated Files                                       ;
+-----------------------------------------------------------------+
; File Name                                                       ;
+-----------------------------------------------------------------+
; E:/ESD/Lab4/servo_template/hw/output_files/servo_controller.sof ;
+-----------------------------------------------------------------+


+-------------------------------------------------------------------------------------------+
; Assembler Device Options: E:/ESD/Lab4/servo_template/hw/output_files/servo_controller.sof ;
+----------------+--------------------------------------------------------------------------+
; Option         ; Setting                                                                  ;
+----------------+--------------------------------------------------------------------------+
; JTAG usercode  ; 0x00B7E6AE                                                               ;
; Checksum       ; 0x00B7E6AE                                                               ;
+----------------+--------------------------------------------------------------------------+


+--------------------+
; Assembler Messages ;
+--------------------+
Info: *******************************************************************
Info: Running Quartus Prime Assembler
    Info: Version 18.1.0 Build 625 09/12/2018 SJ Lite Edition
    Info: Processing started: Tue Mar 02 06:18:27 2021
Info: Command: quartus_asm --read_settings_files=off --write_settings_files=off servo_controller -c servo_controller
Warning (125092): Tcl Script File ../../src/rom_data/rom_data.qip not found
    Info (125063): set_global_assignment -name QIP_FILE ../../src/rom_data/rom_data.qip
Warning (125092): Tcl Script File ../../src/rom_instructions/rom_instructions.qip not found
    Info (125063): set_global_assignment -name QIP_FILE ../../src/rom_instructions/rom_instructions.qip
Info (115030): Assembler is generating device programming files
Info: Quartus Prime Assembler was successful. 0 errors, 2 warnings
    Info: Peak virtual memory: 4823 megabytes
    Info: Processing ended: Tue Mar 02 06:18:41 2021
    Info: Elapsed time: 00:00:14
    Info: Total CPU time (on all processors): 00:00:08


