03:26:19 **** Build of configuration Nios II for project nios_system ****
make all 
Info: Building ../nios_system_bsp/
C:/intelFPGA_lite/18.1/nios2eds/bin/gnu/H-x86_64-mingw32/bin/make --no-print-directory -C ../nios_system_bsp/
[BSP build complete]
Info: Compiling servo_software.c to obj/default/servo_software.o
nios2-elf-gcc -xc -MP -MMD -c -I../nios_system_bsp//HAL/inc -I../nios_system_bsp/ -I../nios_system_bsp//drivers/inc  -pipe -D__hal__ -DALT_NO_INSTRUCTION_EMULATION -DALT_SINGLE_THREADED    -O0 -g -Wall   -mno-hw-div -mno-hw-mul -mno-hw-mulx -mgpopt=global  -o obj/default/servo_software.o servo_software.c
Info: Linking nios_system.elf
nios2-elf-g++  -T'../nios_system_bsp//linker.x' -msys-crt0='../nios_system_bsp//obj/HAL/src/crt0.o' -msys-lib=hal_bsp -L../nios_system_bsp/   -Wl,-Map=nios_system.map   -O0 -g -Wall   -mno-hw-div -mno-hw-mul -mno-hw-mulx -mgpopt=global  -o nios_system.elf obj/default/servo_software.o -lm -msys-lib=m
nios2-elf-insert nios_system.elf --thread_model hal --cpu_name nios2_gen2_0 --qsys true --simulation_enabled false --id 4 --sidp 0x11080 --timestamp 1614630184 --stderr_dev jtag_uart_0 --stdin_dev jtag_uart_0 --stdout_dev jtag_uart_0 --sopc_system_name nios_system --quartus_project_dir "E:/ESD/Lab4" --jdi ../..//output_files/lab4.jdi --sopcinfo E:/ESD/Lab4/software/nios_system_bsp/../../nios_system.sopcinfo
Info: (nios_system.elf) 21 KBytes program size (code + initialized data).
Info:                   5076 Bytes free for stack + heap.
Info: Creating nios_system.objdump
nios2-elf-objdump --disassemble --syms --all-header --source nios_system.elf >nios_system.objdump
[nios_system build complete]
03:29:49 **** Incremental Build of configuration Nios II for project nios_system ****
make all 
Info: Building ../nios_system_bsp/
C:/intelFPGA_lite/18.1/nios2eds/bin/gnu/H-x86_64-mingw32/bin/make --no-print-directory -C ../nios_system_bsp/
[BSP build complete]
[nios_system build complete]
03:30:04 **** Incremental Build of configuration Nios II for project nios_system ****
make all 
Info: Building ../nios_system_bsp/
C:/intelFPGA_lite/18.1/nios2eds/bin/gnu/H-x86_64-mingw32/bin/make --no-print-directory -C ../nios_system_bsp/
[BSP build complete]
[nios_system build complete]
03:30:04 **** Incremental Build of configuration Nios II for project nios_system_bsp ****
make all 
[BSP build complete]
03:30:07 **** Incremental Build of configuration Nios II for project nios_system ****
make all 
Info: Building ../nios_system_bsp/
C:/intelFPGA_lite/18.1/nios2eds/bin/gnu/H-x86_64-mingw32/bin/make --no-print-directory -C ../nios_system_bsp/
[BSP build complete]
[nios_system build complete]
03:30:29 **** Incremental Build of configuration Nios II for project nios_system ****
make all 
Info: Building ../nios_system_bsp/
C:/intelFPGA_lite/18.1/nios2eds/bin/gnu/H-x86_64-mingw32/bin/make --no-print-directory -C ../nios_system_bsp/
[BSP build complete]
[nios_system build complete]
05:21:10 **** Incremental Build of configuration Nios II for project nios_system ****
make all 
Info: Building ../nios_system_bsp/
C:/intelFPGA_lite/18.1/nios2eds/bin/gnu/H-x86_64-mingw32/bin/make --no-print-directory -C ../nios_system_bsp/
[BSP build complete]
[nios_system build complete]
08:41:13 **** Incremental Build of configuration Nios II for project nios_system ****
make all 
Info: Building ../nios_system_bsp/
C:/intelFPGA_lite/18.1/nios2eds/bin/gnu/H-x86_64-mingw32/bin/make --no-print-directory -C ../nios_system_bsp/
[BSP build complete]
[nios_system build complete]
08:43:17 **** Incremental Build of configuration Nios II for project nios_system ****
make all 
Info: Building ../nios_system_bsp/
C:/intelFPGA_lite/18.1/nios2eds/bin/gnu/H-x86_64-mingw32/bin/make --no-print-directory -C ../nios_system_bsp/
[BSP build complete]
[nios_system build complete]
08:44:13 **** Incremental Build of configuration Nios II for project nios_system ****
make all 
Info: Building ../nios_system_bsp/
C:/intelFPGA_lite/18.1/nios2eds/bin/gnu/H-x86_64-mingw32/bin/make --no-print-directory -C ../nios_system_bsp/
[BSP build complete]
Info: Compiling servo_software.c to obj/default/servo_software.o
nios2-elf-gcc -xc -MP -MMD -c -I../nios_system_bsp//HAL/inc -I../nios_system_bsp/ -I../nios_system_bsp//drivers/inc  -pipe -D__hal__ -DALT_NO_INSTRUCTION_EMULATION -DALT_SINGLE_THREADED    -O0 -g -Wall   -mno-hw-div -mno-hw-mul -mno-hw-mulx -mgpopt=global  -o obj/default/servo_software.o servo_software.c
Info: Linking nios_system.elf
nios2-elf-g++  -T'../nios_system_bsp//linker.x' -msys-crt0='../nios_system_bsp//obj/HAL/src/crt0.o' -msys-lib=hal_bsp -L../nios_system_bsp/   -Wl,-Map=nios_system.map   -O0 -g -Wall   -mno-hw-div -mno-hw-mul -mno-hw-mulx -mgpopt=global  -o nios_system.elf obj/default/servo_software.o -lm -msys-lib=m
nios2-elf-insert nios_system.elf --thread_model hal --cpu_name nios2_gen2_0 --qsys true --simulation_enabled false --id 4 --sidp 0x11080 --timestamp 1614630184 --stderr_dev jtag_uart_0 --stdin_dev jtag_uart_0 --stdout_dev jtag_uart_0 --sopc_system_name nios_system --quartus_project_dir "E:/ESD/Lab4" --jdi ../..//output_files/lab4.jdi --sopcinfo E:/ESD/Lab4/software/nios_system_bsp/../../nios_system.sopcinfo
Info: (nios_system.elf) 21 KBytes program size (code + initialized data).
Info:                   5028 Bytes free for stack + heap.
Info: Creating nios_system.objdump
nios2-elf-objdump --disassemble --syms --all-header --source nios_system.elf >nios_system.objdump
[nios_system build complete]
08:47:04 **** Incremental Build of configuration Nios II for project nios_system ****
make all 
Info: Building ../nios_system_bsp/
C:/intelFPGA_lite/18.1/nios2eds/bin/gnu/H-x86_64-mingw32/bin/make --no-print-directory -C ../nios_system_bsp/
[BSP build complete]
Info: Compiling servo_software.c to obj/default/servo_software.o
nios2-elf-gcc -xc -MP -MMD -c -I../nios_system_bsp//HAL/inc -I../nios_system_bsp/ -I../nios_system_bsp//drivers/inc  -pipe -D__hal__ -DALT_NO_INSTRUCTION_EMULATION -DALT_SINGLE_THREADED    -O0 -g -Wall   -mno-hw-div -mno-hw-mul -mno-hw-mulx -mgpopt=global  -o obj/default/servo_software.o servo_software.c
Info: Linking nios_system.elf
nios2-elf-g++  -T'../nios_system_bsp//linker.x' -msys-crt0='../nios_system_bsp//obj/HAL/src/crt0.o' -msys-lib=hal_bsp -L../nios_system_bsp/   -Wl,-Map=nios_system.map   -O0 -g -Wall   -mno-hw-div -mno-hw-mul -mno-hw-mulx -mgpopt=global  -o nios_system.elf obj/default/servo_software.o -lm -msys-lib=m
nios2-elf-insert nios_system.elf --thread_model hal --cpu_name nios2_gen2_0 --qsys true --simulation_enabled false --id 4 --sidp 0x11080 --timestamp 1614630184 --stderr_dev jtag_uart_0 --stdin_dev jtag_uart_0 --stdout_dev jtag_uart_0 --sopc_system_name nios_system --quartus_project_dir "E:/ESD/Lab4" --jdi ../..//output_files/lab4.jdi --sopcinfo E:/ESD/Lab4/software/nios_system_bsp/../../nios_system.sopcinfo
Info: (nios_system.elf) 21 KBytes program size (code + initialized data).
Info:                   5028 Bytes free for stack + heap.
Info: Creating nios_system.objdump
nios2-elf-objdump --disassemble --syms --all-header --source nios_system.elf >nios_system.objdump
[nios_system build complete]
08:51:12 **** Incremental Build of configuration Nios II for project nios_system ****
make all 
Info: Building ../nios_system_bsp/
C:/intelFPGA_lite/18.1/nios2eds/bin/gnu/H-x86_64-mingw32/bin/make --no-print-directory -C ../nios_system_bsp/
[BSP build complete]
[nios_system build complete]
04:59:05 **** Incremental Build of configuration Nios II for project nios_system ****
make all 
Info: Building ../nios_system_bsp/
C:/intelFPGA_lite/18.1/nios2eds/bin/gnu/H-x86_64-mingw32/bin/make --no-print-directory -C ../nios_system_bsp/
[BSP build complete]
[nios_system build complete]
